0 info it worked if it ends with ok
1 verbose cli [ 'C:\\Program Files\\nodejs\\node.exe',
1 verbose cli   'C:\\Program Files\\nodejs\\node_modules\\npm\\bin\\npm-cli.js',
1 verbose cli   'publish' ]
2 info using npm@2.15.5
3 info using node@v4.4.5
4 verbose publish [ '.' ]
5 silly cache add args [ '.', null ]
6 verbose cache add spec .
7 silly cache add parsed spec Result {
7 silly cache add   raw: '.',
7 silly cache add   scope: null,
7 silly cache add   name: null,
7 silly cache add   rawSpec: '.',
7 silly cache add   spec: 'C:\\Users\\LJ196\\Desktop\\LJ\\study\\nodejs\\20160818module\\censorify',
7 silly cache add   type: 'directory' }
8 verbose addLocalDirectory C:\Users\LJ196\AppData\Roaming\npm-cache\censorify\0.1.1\package.tgz not in flight; packing
9 verbose correctMkdir C:\Users\LJ196\AppData\Roaming\npm-cache correctMkdir not in flight; initializing
10 verbose tar pack [ 'C:\\Users\\LJ196\\AppData\\Roaming\\npm-cache\\censorify\\0.1.1\\package.tgz',
10 verbose tar pack   'C:\\Users\\LJ196\\Desktop\\LJ\\study\\nodejs\\20160818module\\censorify' ]
11 verbose tarball C:\Users\LJ196\AppData\Roaming\npm-cache\censorify\0.1.1\package.tgz
12 verbose folder C:\Users\LJ196\Desktop\LJ\study\nodejs\20160818module\censorify
13 info prepublish censorify@0.1.1
14 verbose addLocalTarball adding from inside cache C:\Users\LJ196\AppData\Roaming\npm-cache\censorify\0.1.1\package.tgz
15 verbose correctMkdir C:\Users\LJ196\AppData\Roaming\npm-cache correctMkdir not in flight; initializing
16 silly cache afterAdd censorify@0.1.1
17 verbose afterAdd C:\Users\LJ196\AppData\Roaming\npm-cache\censorify\0.1.1\package\package.json not in flight; writing
18 verbose correctMkdir C:\Users\LJ196\AppData\Roaming\npm-cache correctMkdir not in flight; initializing
19 verbose afterAdd C:\Users\LJ196\AppData\Roaming\npm-cache\censorify\0.1.1\package\package.json written
20 silly publish { name: 'censorify',
20 silly publish   version: '0.1.1',
20 silly publish   description: 'Censors words out of text',
20 silly publish   main: 'censortext',
20 silly publish   repository:
20 silly publish    { type: 'git',
20 silly publish      url: 'git+ssh://git@github.com/LeeOlivia/censorify.git' },
20 silly publish   keywords: [ 'censor', 'words' ],
20 silly publish   dependencies: {},
20 silly publish   engines: { node: '*' },
20 silly publish   readme: 'My first Node MODULE test',
20 silly publish   readmeFilename: 'README.md',
20 silly publish   bugs: { url: 'https://github.com/LeeOlivia/censorify/issues' },
20 silly publish   homepage: 'https://github.com/LeeOlivia/censorify#readme',
20 silly publish   _id: 'censorify@0.1.1',
20 silly publish   scripts: {},
20 silly publish   _shasum: 'd58eef4c4362f7e1c6c7d176738be018557c83c0',
20 silly publish   _from: '.' }
21 verbose getPublishConfig undefined
22 silly mapToRegistry name censorify
23 silly mapToRegistry using default registry
24 silly mapToRegistry registry https://registry.npmjs.org/
25 silly mapToRegistry data Result {
25 silly mapToRegistry   raw: 'censorify',
25 silly mapToRegistry   scope: null,
25 silly mapToRegistry   name: 'censorify',
25 silly mapToRegistry   rawSpec: '',
25 silly mapToRegistry   spec: 'latest',
25 silly mapToRegistry   type: 'tag' }
26 silly mapToRegistry uri https://registry.npmjs.org/censorify
27 verbose publish registryBase https://registry.npmjs.org/
28 silly publish uploading C:\Users\LJ196\AppData\Roaming\npm-cache\censorify\0.1.1\package.tgz
29 verbose request uri https://registry.npmjs.org/censorify
30 verbose request sending authorization for write operation
31 info attempt registry request try #1 at 16:44:21
32 verbose request using bearer token for auth
33 verbose request id b6e7793fe64d904f
34 http request PUT https://registry.npmjs.org/censorify
35 http 403 https://registry.npmjs.org/censorify
36 verbose headers { 'content-type': 'application/json',
36 verbose headers   'cache-control': 'max-age=300',
36 verbose headers   'content-length': '103',
36 verbose headers   'accept-ranges': 'bytes',
36 verbose headers   date: 'Thu, 18 Aug 2016 08:44:20 GMT',
36 verbose headers   via: '1.1 varnish',
36 verbose headers   connection: 'keep-alive',
36 verbose headers   'x-served-by': 'cache-lax1443-LAX',
36 verbose headers   'x-cache': 'MISS',
36 verbose headers   'x-cache-hits': '0',
36 verbose headers   'x-timer': 'S1471509860.847321,VS0,VE132',
36 verbose headers   vary: 'Accept-Encoding' }
37 verbose request invalidating C:\Users\LJ196\AppData\Roaming\npm-cache\registry.npmjs.org\censorify on PUT
38 error publish Failed PUT 403
39 verbose stack Error: you do not have permission to publish "censorify". Are you logged in as the correct user? : censorify
39 verbose stack     at makeError (C:\Program Files\nodejs\node_modules\npm\node_modules\npm-registry-client\lib\request.js:264:12)
39 verbose stack     at CachingRegistryClient.<anonymous> (C:\Program Files\nodejs\node_modules\npm\node_modules\npm-registry-client\lib\request.js:252:14)
39 verbose stack     at Request._callback (C:\Program Files\nodejs\node_modules\npm\node_modules\npm-registry-client\lib\request.js:172:14)
39 verbose stack     at Request.self.callback (C:\Program Files\nodejs\node_modules\npm\node_modules\request\request.js:200:22)
39 verbose stack     at emitTwo (events.js:87:13)
39 verbose stack     at Request.emit (events.js:172:7)
39 verbose stack     at Request.<anonymous> (C:\Program Files\nodejs\node_modules\npm\node_modules\request\request.js:1067:10)
39 verbose stack     at emitOne (events.js:82:20)
39 verbose stack     at Request.emit (events.js:169:7)
39 verbose stack     at IncomingMessage.<anonymous> (C:\Program Files\nodejs\node_modules\npm\node_modules\request\request.js:988:12)
40 verbose statusCode 403
41 verbose pkgid censorify
42 verbose cwd C:\Users\LJ196\Desktop\LJ\study\nodejs\20160818module\censorify
43 error Windows_NT 10.0.14393
44 error argv "C:\\Program Files\\nodejs\\node.exe" "C:\\Program Files\\nodejs\\node_modules\\npm\\bin\\npm-cli.js" "publish"
45 error node v4.4.5
46 error npm  v2.15.5
47 error code E403
48 error you do not have permission to publish "censorify". Are you logged in as the correct user? : censorify
49 error If you need help, you may report this error at:
49 error     <https://github.com/npm/npm/issues>
50 verbose exit [ 1, true ]
